=== REDEPLOY START Tue 05/05/2026 15:47:05.89 
CWD=C:\Users\ryan\OneDrive - EverPass Media\EVERPASS\EVERPASS TOOLS\Dashboard\dashboard-deploy 
​
Netlify Build                                                 
────────────────────────────────────────────────────────────────
​
> Version
  @netlify/build 35.13.1
​
> Flags
  accountId: 69dedaaf9e6db1a2c7e4a0dd
  deployId: 69fa7374dc659b97d08509e4
​
> Current directory
  C:\Users\ryan\OneDrive - EverPass Media\EVERPASS\EVERPASS TOOLS\Dashboard\dashboard-deploy
​
> Config file
  C:\Users\ryan\OneDrive - EverPass Media\EVERPASS\EVERPASS TOOLS\Dashboard\dashboard-deploy\netlify.toml
​
> Context
  production

Deploying to Netlify
────────────────────────────────────────────────────────────────

[32mDeploy path: [39m       C:\Users\ryan\OneDrive - EverPass Media\EVERPASS\EVERPASS TOOLS\Dashboard\dashboard-deploy
[32mConfiguration path: [39mC:\Users\ryan\OneDrive - EverPass Media\EVERPASS\EVERPASS TOOLS\Dashboard\dashboard-deploy\netlify.toml

[33m⠋[39m Uploading blobs to deploy store...

[32m√[39m Finished uploading blobs to deploy store
[33m⠋[39m Hashing files...
[33m⠋[39m Looking for a functions cache...
[32m√[39m No cached functions were found
[32m√[39m Finished hashing 
[33m⠋[39m CDN diffing files...
[32m√[39m CDN requesting 0 files and 0 functions
[33m⠋[39m Uploading 0 files
[32m√[39m Finished uploading 0 assets
[33m⠋[39m Waiting for deploy to go live...
[32m√[39m Deploy is live!
​
Netlify Build Complete                                        
────────────────────────────────────────────────────────────────
​
(Netlify Build completed in 3.3s)

🚀 Deploy complete
────────────────────────────────────────────────────────────────

Production URL: <https://dashboard.everpasspipeline.com>
Unique deploy URL: <https://69fa7374dc659b97d08509e4--everpass-dashboard.netlify.app>

Build logs: <https://app.netlify.com/projects/everpass-dashboard/deploys/69fa7374dc659b97d08509e4>
Function logs: <https://app.netlify.com/projects/everpass-dashboard/logs/functions>
Edge function logs: <https://app.netlify.com/projects/everpass-dashboard/logs/edge-functions>
NETLIFY_REDEPLOY_EXIT=0 
=== REDEPLOY END Tue 05/05/2026 15:47:17.43 
